apps/build/intermediates/manifest_merge_blame_file/debug/manifest-merger-blame-debug-report.txt
1<?xml version="1.0" encoding="utf-8"?>
2<manifest xmlns:android="http://schemas.android.com/apk/res/android"
3    package="com.example.petrolstation"
4    android:versionCode="1"
5    android:versionName="1.0" >
6
7    <uses-sdk
8        android:minSdkVersion="19"
8-->src/main/AndroidManifest.xml
9        android:targetSdkVersion="28" />
9-->src/main/AndroidManifest.xml
10    <!--
11         The ACCESS_COARSE/FINE_LOCATION permissions are not required to use
12         Google Maps Android API v2, but you must specify either coarse or fine
13         location permissions for the 'MyLocation' functionality.
14    -->
15    <uses-permission android:name="android.permission.INTERNET" /> <!-- For checking whether internet is available or not -->
15-->src/main/AndroidManifest.xml:9:5-67
15-->src/main/AndroidManifest.xml:9:22-64
16    <uses-permission android:name="android.permission.ACCESS_NETWORK_STATE" />
16-->src/main/AndroidManifest.xml:10:5-79
16-->src/main/AndroidManifest.xml:10:22-76
17    <uses-permission android:name="android.permission.ACCESS_FINE_LOCATION" />
17-->src/main/AndroidManifest.xml:11:5-79
17-->src/main/AndroidManifest.xml:11:22-76
18    <uses-permission android:name="android.permission.ACCESS_COARSE_LOCATION" />
18-->src/main/AndroidManifest.xml:12:5-81
18-->src/main/AndroidManifest.xml:12:22-78
19    <uses-permission android:name="android.permission.CAMERA" />
19-->src/main/AndroidManifest.xml:13:5-65
19-->src/main/AndroidManifest.xml:13:22-62
20
21    <uses-feature android:name="android.hardware.camera" />
21-->src/main/AndroidManifest.xml:15:5-60
21-->src/main/AndroidManifest.xml:15:19-57
22    <uses-feature android:name="android.hardware.camera.autofocus" />
22-->src/main/AndroidManifest.xml:16:5-70
22-->src/main/AndroidManifest.xml:16:19-67
23
24    <uses-permission android:name="android.permission.ACCESS_WIFI_STATE" />
24-->[com.google.android.libraries.places:places:1.1.0] AndroidManifest.xml:10:5-76
24-->[com.google.android.libraries.places:places:1.1.0] AndroidManifest.xml:10:22-73
25
26    <uses-feature
26-->[com.google.android.gms:play-services-maps:16.1.0] AndroidManifest.xml:26:5-28:35
27        android:glEsVersion="0x00020000"
27-->[com.google.android.gms:play-services-maps:16.1.0] AndroidManifest.xml:27:9-41
28        android:required="true" />
28-->[com.google.android.gms:play-services-maps:16.1.0] AndroidManifest.xml:28:9-32
29
30    <uses-permission android:name="android.permission.WAKE_LOCK" />
30-->[com.google.firebase:firebase-measurement-connector-impl:17.0.4] AndroidManifest.xml:24:5-68
30-->[com.google.firebase:firebase-measurement-connector-impl:17.0.4] AndroidManifest.xml:24:22-65
31    <uses-permission android:name="com.google.android.finsky.permission.BIND_GET_INSTALL_REFERRER_SERVICE" /> <!-- Required by older versions of Google Play services to create IID tokens -->
31-->[com.google.firebase:firebase-analytics:16.0.6] AndroidManifest.xml:26:5-110
31-->[com.google.firebase:firebase-analytics:16.0.6] AndroidManifest.xml:26:22-107
32    <uses-permission android:name="com.google.android.c2dm.permission.RECEIVE" />
32-->[com.google.firebase:firebase-iid:17.0.3] AndroidManifest.xml:26:5-82
32-->[com.google.firebase:firebase-iid:17.0.3] AndroidManifest.xml:26:22-79
33
34    <application
34-->src/main/AndroidManifest.xml:18:5-67:19
35        android:name="android.support.multidex.MultiDexApplication"
36        android:allowBackup="true"
36-->src/main/AndroidManifest.xml:19:9-35
37        android:appComponentFactory="android.support.v4.app.CoreComponentFactory"
37-->[com.android.support:support-compat:28.0.0] AndroidManifest.xml:22:18-91
38        android:debuggable="true"
39        android:icon="@mipmap/ic_launcher"
39-->src/main/AndroidManifest.xml:20:9-43
40        android:label="@string/app_name"
40-->src/main/AndroidManifest.xml:21:9-41
41        android:roundIcon="@mipmap/ic_launcher_round"
41-->src/main/AndroidManifest.xml:22:9-54
42        android:supportsRtl="true"
42-->src/main/AndroidManifest.xml:23:9-35
43        android:theme="@style/AppTheme.NoActionBarForNav" >
43-->src/main/AndroidManifest.xml:24:9-58
44        <activity android:name="com.example.petrolstation.Qrcode" />
44-->src/main/AndroidManifest.xml:25:9-53
44-->src/main/AndroidManifest.xml:25:19-41
45        <activity android:name="com.example.petrolstation.JulyReceipt" />
45-->src/main/AndroidManifest.xml:26:9-49
45-->src/main/AndroidManifest.xml:26:19-46
46        <activity android:name="com.example.petrolstation.SuccessPage" />
46-->src/main/AndroidManifest.xml:27:9-49
46-->src/main/AndroidManifest.xml:27:19-46
47        <activity android:name="com.example.petrolstation.LoyaltyPoints" />
47-->src/main/AndroidManifest.xml:28:9-51
47-->src/main/AndroidManifest.xml:28:19-48
48        <activity
48-->src/main/AndroidManifest.xml:29:9-31:60
49            android:name="com.example.petrolstation.ui.login.LoginActivity"
49-->src/main/AndroidManifest.xml:30:13-51
50            android:label="@string/title_activity_login" />
50-->src/main/AndroidManifest.xml:31:13-57
51        <activity android:name="com.example.petrolstation.CardForm" />
51-->src/main/AndroidManifest.xml:32:9-46
51-->src/main/AndroidManifest.xml:32:19-43
52        <activity android:name="com.example.petrolstation.Receipt" />
52-->src/main/AndroidManifest.xml:33:9-45
52-->src/main/AndroidManifest.xml:33:19-42
53        <activity android:name="com.example.petrolstation.MonthlyStatement" />
53-->src/main/AndroidManifest.xml:34:9-54
53-->src/main/AndroidManifest.xml:34:19-51
54        <activity android:name="com.example.petrolstation.FuelPay" />
54-->src/main/AndroidManifest.xml:35:9-45
54-->src/main/AndroidManifest.xml:35:19-42
55        <activity android:name="com.example.petrolstation.SuggestionActivity" />
55-->src/main/AndroidManifest.xml:36:9-56
55-->src/main/AndroidManifest.xml:36:19-53
56        <activity android:name="com.example.petrolstation.SplashScreenActivity" >
56-->src/main/AndroidManifest.xml:37:9-44:20
56-->src/main/AndroidManifest.xml:37:19-55
57            <intent-filter>
57-->src/main/AndroidManifest.xml:38:13-43:29
58                <action android:name="android.intent.action.MAIN" />
58-->src/main/AndroidManifest.xml:39:17-69
58-->src/main/AndroidManifest.xml:39:25-66
59                <action android:name="android.intent.action.VIEW" />
59-->src/main/AndroidManifest.xml:40:17-69
59-->src/main/AndroidManifest.xml:40:25-66
60
61                <category android:name="android.intent.category.LAUNCHER" />
61-->src/main/AndroidManifest.xml:42:17-77
61-->src/main/AndroidManifest.xml:42:27-74
62            </intent-filter>
63        </activity>
64        <activity android:name="com.example.petrolstation.SettingActivity" />
64-->src/main/AndroidManifest.xml:45:9-53
64-->src/main/AndroidManifest.xml:45:19-50
65        <activity
65-->src/main/AndroidManifest.xml:46:9-49:77
66            android:name="com.example.petrolstation.NavigationDrawerActivity"
66-->src/main/AndroidManifest.xml:47:13-53
67            android:label="@string/title_activity_navigation_drawer"
67-->src/main/AndroidManifest.xml:48:13-69
68            android:theme="@style/AppTheme.NoActionBarForNav.NoActionBar" />
68-->src/main/AndroidManifest.xml:49:13-74
69        <activity android:name="com.example.petrolstation.DetailsActivity" />
69-->src/main/AndroidManifest.xml:50:9-53
69-->src/main/AndroidManifest.xml:50:19-50
70        <!--
71             The API key for Google Maps-based APIs is defined as a string resource.
72             (See the file "res/values/google_maps_api.xml").
73             Note that the API key is linked to the encryption key used to sign the APK.
74             You need a different API key for each encryption key, including the release key that is used to
75             sign the APK for publishing.
76             You can define the keys for the debug and release targets in src/debug/ and src/release/.
77        -->
78        <meta-data
78-->src/main/AndroidManifest.xml:59:9-61:55
79            android:name="com.google.android.geo.API_KEY"
79-->src/main/AndroidManifest.xml:60:13-58
80            android:value="@string/google_maps_key" />
80-->src/main/AndroidManifest.xml:61:13-52
81
82        <activity
82-->src/main/AndroidManifest.xml:63:9-65:59
83            android:name="com.example.petrolstation.MapsActivity"
83-->src/main/AndroidManifest.xml:64:13-41
84            android:label="@string/title_activity_maps" />
84-->src/main/AndroidManifest.xml:65:13-56
85        <activity android:name="com.example.petrolstation.MainActivity" />
85-->src/main/AndroidManifest.xml:66:9-50
85-->src/main/AndroidManifest.xml:66:19-47
86        <!-- Autocomplete -->
87        <activity
87-->[com.google.android.libraries.places:places:1.1.0] AndroidManifest.xml:16:9-23:20
88            android:name="com.google.android.libraries.places.widget.AutocompleteActivity"
88-->[com.google.android.libraries.places:places:1.1.0] AndroidManifest.xml:17:13-91
89            android:exported="false"
89-->[com.google.android.libraries.places:places:1.1.0] AndroidManifest.xml:18:13-37
90            android:hardwareAccelerated="true"
90-->[com.google.android.libraries.places:places:1.1.0] AndroidManifest.xml:19:13-47
91            android:label="@string/places_autocomplete_label"
91-->[com.google.android.libraries.places:places:1.1.0] AndroidManifest.xml:20:13-62
92            android:theme="@style/PlacesAutocompleteThemeOverlay"
92-->[com.google.android.libraries.places:places:1.1.0] AndroidManifest.xml:21:13-66
93            android:windowSoftInputMode="stateAlwaysVisible|adjustPan" >
93-->[com.google.android.libraries.places:places:1.1.0] AndroidManifest.xml:22:13-71
94        </activity> <!-- Needs to be explicitly declared on P+ -->
95        <uses-library
95-->[com.google.android.gms:play-services-maps:16.1.0] AndroidManifest.xml:33:9-35:40
96            android:name="org.apache.http.legacy"
96-->[com.google.android.gms:play-services-maps:16.1.0] AndroidManifest.xml:34:13-50
97            android:required="false" />
97-->[com.google.android.gms:play-services-maps:16.1.0] AndroidManifest.xml:35:13-37
98
99        <service
99-->[com.google.firebase:firebase-firestore:18.1.0] AndroidManifest.xml:17:9-21:19
100            android:name="com.google.firebase.components.ComponentDiscoveryService"
100-->[com.google.firebase:firebase-firestore:18.1.0] AndroidManifest.xml:17:18-89
101            android:exported="false" >
101-->[com.google.firebase:firebase-iid:17.0.3] AndroidManifest.xml:31:13-37
102            <meta-data
102-->[com.google.firebase:firebase-firestore:18.1.0] AndroidManifest.xml:18:13-20:85
103                android:name="com.google.firebase.components:com.google.firebase.firestore.FirestoreRegistrar"
103-->[com.google.firebase:firebase-firestore:18.1.0] AndroidManifest.xml:19:17-111
104                android:value="com.google.firebase.components.ComponentRegistrar" />
104-->[com.google.firebase:firebase-firestore:18.1.0] AndroidManifest.xml:20:17-82
105            <meta-data
105-->[com.google.firebase:firebase-measurement-connector-impl:17.0.4] AndroidManifest.xml:28:13-30:85
106                android:name="com.google.firebase.components:com.google.firebase.analytics.connector.internal.AnalyticsConnectorRegistrar"
106-->[com.google.firebase:firebase-measurement-connector-impl:17.0.4] AndroidManifest.xml:29:17-139
107                android:value="com.google.firebase.components.ComponentRegistrar" />
107-->[com.google.firebase:firebase-measurement-connector-impl:17.0.4] AndroidManifest.xml:30:17-82
108            <meta-data
108-->[com.google.firebase:firebase-iid:17.0.3] AndroidManifest.xml:32:13-34:85
109                android:name="com.google.firebase.components:com.google.firebase.iid.Registrar"
109-->[com.google.firebase:firebase-iid:17.0.3] AndroidManifest.xml:33:17-96
110                android:value="com.google.firebase.components.ComponentRegistrar" />
110-->[com.google.firebase:firebase-iid:17.0.3] AndroidManifest.xml:34:17-82
111        </service>
112
113        <receiver
113-->[com.google.firebase:firebase-analytics:16.0.6] AndroidManifest.xml:29:9-33:20
114            android:name="com.google.android.gms.measurement.AppMeasurementReceiver"
114-->[com.google.firebase:firebase-analytics:16.0.6] AndroidManifest.xml:30:13-85
115            android:enabled="true"
115-->[com.google.firebase:firebase-analytics:16.0.6] AndroidManifest.xml:31:13-35
116            android:exported="false" >
116-->[com.google.firebase:firebase-analytics:16.0.6] AndroidManifest.xml:32:13-37
117        </receiver>
118        <receiver
118-->[com.google.firebase:firebase-analytics:16.0.6] AndroidManifest.xml:34:9-42:20
119            android:name="com.google.android.gms.measurement.AppMeasurementInstallReferrerReceiver"
119-->[com.google.firebase:firebase-analytics:16.0.6] AndroidManifest.xml:35:13-100
120            android:enabled="true"
120-->[com.google.firebase:firebase-analytics:16.0.6] AndroidManifest.xml:36:13-35
121            android:exported="true"
121-->[com.google.firebase:firebase-analytics:16.0.6] AndroidManifest.xml:37:13-36
122            android:permission="android.permission.INSTALL_PACKAGES" >
122-->[com.google.firebase:firebase-analytics:16.0.6] AndroidManifest.xml:38:13-69
123            <intent-filter>
123-->[com.google.firebase:firebase-analytics:16.0.6] AndroidManifest.xml:39:13-41:29
124                <action android:name="com.android.vending.INSTALL_REFERRER" />
124-->[com.google.firebase:firebase-analytics:16.0.6] AndroidManifest.xml:40:17-79
124-->[com.google.firebase:firebase-analytics:16.0.6] AndroidManifest.xml:40:25-76
125            </intent-filter>
126        </receiver>
127
128        <service
128-->[com.google.firebase:firebase-analytics:16.0.6] AndroidManifest.xml:44:9-47:40
129            android:name="com.google.android.gms.measurement.AppMeasurementService"
129-->[com.google.firebase:firebase-analytics:16.0.6] AndroidManifest.xml:45:13-84
130            android:enabled="true"
130-->[com.google.firebase:firebase-analytics:16.0.6] AndroidManifest.xml:46:13-35
131            android:exported="false" />
131-->[com.google.firebase:firebase-analytics:16.0.6] AndroidManifest.xml:47:13-37
132        <service
132-->[com.google.firebase:firebase-analytics:16.0.6] AndroidManifest.xml:48:9-52:72
133            android:name="com.google.android.gms.measurement.AppMeasurementJobService"
133-->[com.google.firebase:firebase-analytics:16.0.6] AndroidManifest.xml:49:13-87
134            android:enabled="true"
134-->[com.google.firebase:firebase-analytics:16.0.6] AndroidManifest.xml:50:13-35
135            android:exported="false"
135-->[com.google.firebase:firebase-analytics:16.0.6] AndroidManifest.xml:51:13-37
136            android:permission="android.permission.BIND_JOB_SERVICE" />
136-->[com.google.firebase:firebase-analytics:16.0.6] AndroidManifest.xml:52:13-69
137
138        <receiver
138-->[com.google.firebase:firebase-iid:17.0.3] AndroidManifest.xml:37:9-44:20
139            android:name="com.google.firebase.iid.FirebaseInstanceIdReceiver"
139-->[com.google.firebase:firebase-iid:17.0.3] AndroidManifest.xml:38:13-78
140            android:exported="true"
140-->[com.google.firebase:firebase-iid:17.0.3] AndroidManifest.xml:39:13-36
141            android:permission="com.google.android.c2dm.permission.SEND" >
141-->[com.google.firebase:firebase-iid:17.0.3] AndroidManifest.xml:40:13-73
142            <intent-filter>
142-->[com.google.firebase:firebase-iid:17.0.3] AndroidManifest.xml:41:13-43:29
143                <action android:name="com.google.android.c2dm.intent.RECEIVE" />
143-->[com.google.firebase:firebase-iid:17.0.3] AndroidManifest.xml:42:17-81
143-->[com.google.firebase:firebase-iid:17.0.3] AndroidManifest.xml:42:25-78
144            </intent-filter>
145        </receiver>
146        <!--
147             FirebaseInstanceIdService performs security checks at runtime,
148             no need for explicit permissions despite exported="true"
149        -->
150        <service
150-->[com.google.firebase:firebase-iid:17.0.3] AndroidManifest.xml:50:9-56:19
151            android:name="com.google.firebase.iid.FirebaseInstanceIdService"
151-->[com.google.firebase:firebase-iid:17.0.3] AndroidManifest.xml:51:13-77
152            android:exported="true" >
152-->[com.google.firebase:firebase-iid:17.0.3] AndroidManifest.xml:52:13-36
153            <intent-filter android:priority="-500" >
153-->[com.google.firebase:firebase-iid:17.0.3] AndroidManifest.xml:53:13-55:29
153-->[com.google.firebase:firebase-iid:17.0.3] AndroidManifest.xml:53:28-51
154                <action android:name="com.google.firebase.INSTANCE_ID_EVENT" />
154-->[com.google.firebase:firebase-iid:17.0.3] AndroidManifest.xml:54:17-80
154-->[com.google.firebase:firebase-iid:17.0.3] AndroidManifest.xml:54:25-77
155            </intent-filter>
156        </service>
157
158        <activity
158-->[com.google.android.gms:play-services-base:16.1.0] AndroidManifest.xml:23:9-26:75
159            android:name="com.google.android.gms.common.api.GoogleApiActivity"
159-->[com.google.android.gms:play-services-base:16.1.0] AndroidManifest.xml:24:13-79
160            android:exported="false"
160-->[com.google.android.gms:play-services-base:16.1.0] AndroidManifest.xml:25:13-37
161            android:theme="@android:style/Theme.Translucent.NoTitleBar" />
161-->[com.google.android.gms:play-services-base:16.1.0] AndroidManifest.xml:26:13-72
162
163        <provider
163-->[com.google.firebase:firebase-common:16.1.0] AndroidManifest.xml:12:9-16:39
164            android:name="com.google.firebase.provider.FirebaseInitProvider"
164-->[com.google.firebase:firebase-common:16.1.0] AndroidManifest.xml:13:13-77
165            android:authorities="com.example.petrolstation.firebaseinitprovider"
165-->[com.google.firebase:firebase-common:16.1.0] AndroidManifest.xml:14:13-72
166            android:exported="false"
166-->[com.google.firebase:firebase-common:16.1.0] AndroidManifest.xml:15:13-37
167            android:initOrder="100" />
167-->[com.google.firebase:firebase-common:16.1.0] AndroidManifest.xml:16:13-36
168
169        <meta-data
169-->[com.google.android.gms:play-services-basement:16.2.0] AndroidManifest.xml:23:9-25:69
170            android:name="com.google.android.gms.version"
170-->[com.google.android.gms:play-services-basement:16.2.0] AndroidManifest.xml:24:13-58
171            android:value="@integer/google_play_services_version" />
171-->[com.google.android.gms:play-services-basement:16.2.0] AndroidManifest.xml:25:13-66
172    </application>
173
174</manifest>